INFO  2021-09-15 09:56:28.777  [main] com.remizov.brest.Log4jExample - info log
WARN  2021-09-15 09:56:28.806  [main] com.remizov.brest.Log4jExample - Warning!!!LOGGER!!!
ERROR 2021-09-15 09:56:28.807  [main] com.remizov.brest.Log4jExample - runtime
java.lang.RuntimeException: Exception runtime
	at com.remizov.brest.Log4jExample.main(Log4jExample.java:13) [log4j2/:?]
INFO  2021-09-15 10:08:00.817  [main] com.remizov.brest.Log4jExample - info log
WARN  2021-09-15 10:08:00.851  [main] com.remizov.brest.Log4jExample - Warning!!!LOGGER!!!
ERROR 2021-09-15 10:08:00.851  [main] com.remizov.brest.Log4jExample - runtime
java.lang.RuntimeException: Exception runtime
	at com.remizov.brest.Log4jExample.main(Log4jExample.java:13) [log4j2/:?]
INFO  2021-09-15 10:12:25.583  [main] com.remizov.brest.Log4jExample - info log
WARN  2021-09-15 10:12:25.601  [main] com.remizov.brest.Log4jExample - Warning!!!LOGGER!!!
ERROR 2021-09-15 10:12:25.601  [main] com.remizov.brest.Log4jExample - runtime
java.lang.RuntimeException: Exception runtime
	at com.remizov.brest.Log4jExample.main(Log4jExample.java:13) [log4j2/:?]
INFO  2021-09-15 10:12:51.482  [main] com.remizov.brest.Log4jExample - info log
WARN  2021-09-15 10:12:51.498  [main] com.remizov.brest.Log4jExample - Warning!!!LOGGER!!!
ERROR 2021-09-15 10:12:51.499  [main] com.remizov.brest.Log4jExample - runtime
java.lang.RuntimeException: Exception runtime
	at com.remizov.brest.Log4jExample.main(Log4jExample.java:13) [log4j2/:?]
